生成启动时间为 2013/4/3 星期三 20:33:08。
     1>项目“F:\BOOK Project1\D3DdemoCore\D3DdemoCore\D3DdemoCore.vcxproj”在节点 2 上(build 个目标)。
     1>InitializeBuildStatus:
         正在创建“Release\D3DdemoCore.unsuccessfulbuild”，因为已指定“AlwaysCreate”。
       ClCompile:
         C:\Program Files\Microsoft Visual Studio 10.0\VC\bin\CL.exe /c /Zi /nologo /W3 /WX- /O2 /Oi /Oy- /GL /D WIN32 /D NDEBUG /D _WINDOWS /D _UNICODE /D UNICODE /Gm- /EHsc /MD /GS /Gy /fp:precise /Zc:wchar_t /Zc:forScope /Fo"Release\\" /Fd"Release\vc100.pdb" /Gd /TP /analyze- /errorReport:prompt main.cpp
         main.cpp
       Link:
         C:\Program Files\Microsoft Visual Studio 10.0\VC\bin\link.exe /ERRORREPORT:PROMPT /OUT:"F:\BOOK Project1\D3DdemoCore\Release\D3DdemoCore.exe" /INCREMENTAL:NO /NOLOGO winmm.lib dxerr.lib dxguid.lib d3dx9d.lib d3dx10d.lib d3d9.lib comctl32.lib kernel32.lib user32.lib gdi32.lib winspool.lib comdlg32.lib advapi32.lib shell32.lib ole32.lib oleaut32.lib uuid.lib odbc32.lib odbccp32.lib /MANIFEST /ManifestFile:"Release\D3DdemoCore.exe.intermediate.manifest" /MANIFESTUAC:"level='asInvoker' uiAccess='false'" /DEBUG /PDB:"F:\BOOK Project1\D3DdemoCore\Release\D3DdemoCore.pdb" /SUBSYSTEM:WINDOWS /OPT:REF /OPT:ICF /LTCG /TLBID:1 /DYNAMICBASE /NXCOMPAT /IMPLIB:"F:\BOOK Project1\D3DdemoCore\Release\D3DdemoCore.lib" /MACHINE:X86 Release\main.obj
         正在生成代码
         已完成代码的生成
         D3DdemoCore.vcxproj -> F:\BOOK Project1\D3DdemoCore\Release\D3DdemoCore.exe
       Manifest:
         C:\Program Files\Microsoft SDKs\Windows\v7.0A\bin\mt.exe /nologo /verbose /outputresource:"F:\BOOK Project1\D3DdemoCore\Release\D3DdemoCore.exe;#1" /manifest Release\D3DdemoCore.exe.intermediate.manifest
       FinalizeBuildStatus:
         正在删除文件“Release\D3DdemoCore.unsuccessfulbuild”。
         正在对“Release\D3DdemoCore.lastbuildstate”执行 Touch 任务。
     1>已完成生成项目“F:\BOOK Project1\D3DdemoCore\D3DdemoCore\D3DdemoCore.vcxproj”(build 个目标)的操作。

生成成功。

已用时间 00:00:01.50
