生成启动时间为 2013/5/15 星期三 19:31:41。
     1>项目“F:\BOOK Project1\D3Ddemo19\D3Ddemo19\D3Ddemo19.vcxproj”在节点 2 上(build 个目标)。
     1>InitializeBuildStatus:
         正在创建“Release\D3Ddemo19.unsuccessfulbuild”，因为已指定“AlwaysCreate”。
       ClCompile:
         C:\Program Files\Microsoft Visual Studio 10.0\VC\bin\CL.exe /c /Zi /nologo /W3 /WX- /O2 /Oi /Oy- /GL /D WIN32 /D NDEBUG /D _WINDOWS /D _UNICODE /D UNICODE /Gm- /EHsc /MD /GS /Gy /fp:precise /Zc:wchar_t /Zc:forScope /Fo"Release\\" /Fd"Release\vc100.pdb" /Gd /TP /analyze- /errorReport:prompt CameraClass.cpp DirectInputClass.cpp main.cpp SkyBoxClass.cpp SnowParticleClass.cpp TerrainClass.cpp
         CameraClass.cpp
         DirectInputClass.cpp
         main.cpp
         SkyBoxClass.cpp
         SnowParticleClass.cpp
         TerrainClass.cpp
     1>TerrainClass.cpp(42): warning C4244: “参数”: 从“std::streamoff”转换到“unsigned int”，可能丢失数据
       Link:
         C:\Program Files\Microsoft Visual Studio 10.0\VC\bin\link.exe /ERRORREPORT:PROMPT /OUT:"F:\BOOK Project1\D3Ddemo19\Release\D3Ddemo19.exe" /INCREMENTAL:NO /NOLOGO kernel32.lib user32.lib gdi32.lib winspool.lib comdlg32.lib advapi32.lib shell32.lib ole32.lib oleaut32.lib uuid.lib odbc32.lib odbccp32.lib /MANIFEST /ManifestFile:"Release\D3Ddemo19.exe.intermediate.manifest" /MANIFESTUAC:"level='asInvoker' uiAccess='false'" /DEBUG /PDB:"F:\BOOK Project1\D3Ddemo19\Release\D3Ddemo19.pdb" /SUBSYSTEM:WINDOWS /OPT:REF /OPT:ICF /LTCG /TLBID:1 /DYNAMICBASE /NXCOMPAT /IMPLIB:"F:\BOOK Project1\D3Ddemo19\Release\D3Ddemo19.lib" /MACHINE:X86 Release\CameraClass.obj
         Release\DirectInputClass.obj
         Release\main.obj
         Release\SkyBoxClass.obj
         Release\SnowParticleClass.obj
         Release\TerrainClass.obj
         正在生成代码
         已完成代码的生成
         D3Ddemo19.vcxproj -> F:\BOOK Project1\D3Ddemo19\Release\D3Ddemo19.exe
       Manifest:
         C:\Program Files\Microsoft SDKs\Windows\v7.0A\bin\mt.exe /nologo /verbose /outputresource:"F:\BOOK Project1\D3Ddemo19\Release\D3Ddemo19.exe;#1" /manifest Release\D3Ddemo19.exe.intermediate.manifest
       FinalizeBuildStatus:
         正在删除文件“Release\D3Ddemo19.unsuccessfulbuild”。
         正在对“Release\D3Ddemo19.lastbuildstate”执行 Touch 任务。
     1>已完成生成项目“F:\BOOK Project1\D3Ddemo19\D3Ddemo19\D3Ddemo19.vcxproj”(build 个目标)的操作。

生成成功。

已用时间 00:00:11.82
